[01m[K/home/rc1/cqc/R2_Real_ws/src/conqu_vision/src/camera_deliver.cpp:[m[K In function â€˜[01m[Kint main()[m[Kâ€™:
[01m[K/home/rc1/cqc/R2_Real_ws/src/conqu_vision/src/camera_deliver.cpp:167:1:[m[K [01;31m[Kerror: [m[Kâ€˜[01m[Kf[m[Kâ€™ was not declared in this scope
  167 | [01;31m[Kf[m[K
      | [01;31m[K^[m[K
make[2]: *** [CMakeFiles/camera_deliver.dir/build.make:63ï¼šCMakeFiles/camera_deliver.dir/src/camera_deliver.cpp.o] é”™è¯¯ 1
make[1]: *** [CMakeFiles/Makefile2:845ï¼šCMakeFiles/camera_deliver.dir/all] é”™è¯¯ 2
make: *** [Makefile:141ï¼šall] é”™è¯¯ 2
