[01m[K/home/rc1/cqc/R2_Real_ws/src/conqu_vision/src/data_process.cpp:[m[K In function â€˜[01m[Kvoid scanCallback(const ConstPtr&, ros::Publisher&, ros::NodeHandle&)[m[Kâ€™:
[01m[K/home/rc1/cqc/R2_Real_ws/src/conqu_vision/src/data_process.cpp:90:16:[m[K [01;31m[Kerror: [m[Kâ€˜[01m[Kline_prev[m[Kâ€™ was not declared in this scope
   90 |        if (abs([01;31m[Kline_prev[m[K.k - k) < 0.05 and abs(line_prev.b - b) < cropped_image.rows * 0.05) {
      |                [01;31m[K^~~~~~~~~[m[K
[01m[K/home/rc1/cqc/R2_Real_ws/src/conqu_vision/src/data_process.cpp:90:62:[m[K [01;31m[Kerror: [m[Kâ€˜[01m[Kb[m[Kâ€™ was not declared in this scope
   90 |        if (abs(line_prev.k - k) < 0.05 and abs(line_prev.b - [01;31m[Kb[m[K) < cropped_image.rows * 0.05) {
      |                                                              [01;31m[K^[m[K
[01m[K/home/rc1/cqc/R2_Real_ws/src/conqu_vision/src/data_process.cpp:90:67:[m[K [01;31m[Kerror: [m[Kâ€˜[01m[Kcropped_image[m[Kâ€™ was not declared in this scope
   90 |        if (abs(line_prev.k - k) < 0.05 and abs(line_prev.b - b) < [01;31m[Kcropped_image[m[K.rows * 0.05) {
      |                                                                   [01;31m[K^~~~~~~~~~~~~[m[K
[01m[K/home/rc1/cqc/R2_Real_ws/src/conqu_vision/src/data_process.cpp:91:20:[m[K [01;31m[Kerror: [m[Kexpected â€˜[01m[K;[m[Kâ€™ before â€˜[01m[K}[m[Kâ€™ token
   91 |         lines.erase
      |                    [01;31m[K^[m[K
      |                    [32m[K;[m[K
   92 |     [32m[K}[m[K
      |     [32m[K~[m[K               
[01m[K/home/rc1/cqc/R2_Real_ws/src/conqu_vision/src/data_process.cpp:91:15:[m[K [01;31m[Kerror: [m[Kstatement cannot resolve address of overloaded function
   91 |         [01;31m[Klines.erase[m[K
      |         [01;31m[K~~~~~~^~~~~[m[K
[01m[K/home/rc1/cqc/R2_Real_ws/src/conqu_vision/src/data_process.cpp:107:33:[m[K [01;31m[Kerror: [m[Ka function-definition is not allowed here before â€˜[01m[K{[m[Kâ€™ token
  107 | int main(int argc, char** argv) [01;31m[K{[m[K
      |                                 [01;31m[K^[m[K
[01m[K/home/rc1/cqc/R2_Real_ws/src/conqu_vision/src/data_process.cpp:118:1:[m[K [01;31m[Kerror: [m[Kexpected â€˜[01m[K}[m[Kâ€™ at end of input
  118 | [01;31m[K}[m[K
      | [01;31m[K^[m[K
[01m[K/home/rc1/cqc/R2_Real_ws/src/conqu_vision/src/data_process.cpp:53:113:[m[K [01;36m[Knote: [m[Kto match this â€˜[01m[K{[m[Kâ€™
   53 | void scanCallback(const sensor_msgs::LaserScan::ConstPtr& msg, ros::Publisher& target_pub, ros::NodeHandle& nh) [01;36m[K{[m[K
      |                                                                                                                 [01;36m[K^[m[K
make[2]: *** [CMakeFiles/data_process_node.dir/build.make:63ï¼šCMakeFiles/data_process_node.dir/src/data_process.cpp.o] é”™è¯¯ 1
make[1]: *** [CMakeFiles/Makefile2:1064ï¼šCMakeFiles/data_process_node.dir/all] é”™è¯¯ 2
make: *** [Makefile:141ï¼šall] é”™è¯¯ 2
